Tue Dec  3 08:40:05 2019       
+-----------------------------------------------------------------------------+
| NVIDIA-SMI 410.48                 Driver Version: 410.48                    |
|-------------------------------+----------------------+----------------------+
| GPU  Name        Persistence-M| Bus-Id        Disp.A | Volatile Uncorr. ECC |
| Fan  Temp  Perf  Pwr:Usage/Cap|         Memory-Usage | GPU-Util  Compute M. |
|===============================+======================+======================|
|   0  Tesla K80           Off  | 00000000:04:00.0 Off |                    0 |
| N/A   55C    P0    62W / 149W |      0MiB / 11441MiB |      0%      Default |
+-------------------------------+----------------------+----------------------+
|   1  Tesla K80           Off  | 00000000:05:00.0 Off |                    0 |
| N/A   61C    P0   149W / 149W |  11032MiB / 11441MiB |    100%      Default |
+-------------------------------+----------------------+----------------------+
|   2  Tesla K80           Off  | 00000000:08:00.0 Off |                    0 |
| N/A   58C    P0   136W / 149W |  11032MiB / 11441MiB |    100%      Default |
+-------------------------------+----------------------+----------------------+
|   3  Tesla K80           Off  | 00000000:09:00.0 Off |                    0 |
| N/A   46C    P0   122W / 149W |  11032MiB / 11441MiB |     99%      Default |
+-------------------------------+----------------------+----------------------+
|   4  Tesla K80           Off  | 00000000:84:00.0 Off |                    0 |
| N/A   37C    P0    56W / 149W |      0MiB / 11441MiB |      0%      Default |
+-------------------------------+----------------------+----------------------+
|   5  Tesla K80           Off  | 00000000:85:00.0 Off |                    0 |
| N/A   40C    P0    97W / 149W |   5421MiB / 11441MiB |     57%      Default |
+-------------------------------+----------------------+----------------------+
|   6  Tesla K80           Off  | 00000000:88:00.0 Off |                    0 |
| N/A   32C    P0    63W / 149W |      0MiB / 11441MiB |      0%      Default |
+-------------------------------+----------------------+----------------------+
|   7  Tesla K80           Off  | 00000000:89:00.0 Off |                    0 |
| N/A   28C    P0    81W / 149W |      0MiB / 11441MiB |     99%      Default |
+-------------------------------+----------------------+----------------------+
                                                                               
+-----------------------------------------------------------------------------+
| Processes:                                                       GPU Memory |
|  GPU       PID   Type   Process name                             Usage      |
|=============================================================================|
|    1     18283      C   python                                     11015MiB |
|    2     18276      C   python                                     11015MiB |
|    3     18279      C   python                                     11015MiB |
|    5     10545      C   python                                      5410MiB |
+-----------------------------------------------------------------------------+
